'[SSL: CERTIFICATE_VERIFY_FAILED] certificate verify failed: unable to get local issuer certificate (_ssl.c:1077)' thrown while requesting HEAD https://huggingface.co/facebook/esmfold_v1/resolve/main/config.json
Retrying in 1s [Retry 1/5].
'[SSL: CERTIFICATE_VERIFY_FAILED] certificate verify failed: unable to get local issuer certificate (_ssl.c:1077)' thrown while requesting HEAD https://huggingface.co/facebook/esmfold_v1/resolve/main/config.json
Retrying in 1s [Retry 1/5].
Traceback (most recent call last):
  File "C:\Users\A\AppData\Roaming\Python\Python314\site-packages\transformers\configuration_utils.py", line 742, in _get_config_dict
    resolved_config_file = cached_file(
        pretrained_model_name_or_path,
    ...<9 lines>...
        _commit_hash=commit_hash,
    )
  File "C:\Users\A\AppData\Roaming\Python\Python314\site-packages\transformers\utils\hub.py", line 293, in cached_file
    file = cached_files(path_or_repo_id=path_or_repo_id, filenames=[filename], **kwargs)
  File "C:\Users\A\AppData\Roaming\Python\Python314\site-packages\transformers\utils\hub.py", line 527, in cached_files
    raise e
  File "C:\Users\A\AppData\Roaming\Python\Python314\site-packages\transformers\utils\hub.py", line 437, in cached_files
    hf_hub_download(
    ~~~~~~~~~~~~~~~^
        path_or_repo_id,
        ^^^^^^^^^^^^^^^^
    ...<10 lines>...
        tqdm_class=tqdm_class,
        ^^^^^^^^^^^^^^^^^^^^^^
    )
    ^
  File "C:\Users\A\AppData\Roaming\Python\Python314\site-packages\huggingface_hub\utils\_validators.py", line 89, in _inner_fn
    return fn(*args, **kwargs)
  File "C:\Users\A\AppData\Roaming\Python\Python314\site-packages\huggingface_hub\file_download.py", line 986, in hf_hub_download
    return _hf_hub_download_to_cache_dir(
        # Destination
    ...<15 lines>...
        dry_run=dry_run,
    )
  File "C:\Users\A\AppData\Roaming\Python\Python314\site-packages\huggingface_hub\file_download.py", line 1119, in _hf_hub_download_to_cache_dir
    _get_metadata_or_catch_error(
    ~~~~~~~~~~~~~~~~~~~~~~~~~~~~^
        repo_id=repo_id,
        ^^^^^^^^^^^^^^^^
    ...<10 lines>...
        retry_on_errors=True,
        ^^^^^^^^^^^^^^^^^^^^^
    )
    ^
  File "C:\Users\A\AppData\Roaming\Python\Python314\site-packages\huggingface_hub\file_download.py", line 1653, in _get_metadata_or_catch_error
    metadata = get_hf_file_metadata(
        url=url,
    ...<4 lines>...
        retry_on_errors=retry_on_errors,
    )
  File "C:\Users\A\AppData\Roaming\Python\Python314\site-packages\huggingface_hub\utils\_validators.py", line 89, in _inner_fn
    return fn(*args, **kwargs)
  File "C:\Users\A\AppData\Roaming\Python\Python314\site-packages\huggingface_hub\file_download.py", line 1576, in get_hf_file_metadata
    response = _httpx_follow_relative_redirects_with_backoff(
        method="HEAD", url=url, headers=hf_headers, timeout=timeout, retry_on_errors=retry_on_errors
    )
  File "C:\Users\A\AppData\Roaming\Python\Python314\site-packages\huggingface_hub\utils\_http.py", line 685, in _httpx_follow_relative_redirects_with_backoff
    response = http_backoff(
        method=method,
    ...<3 lines>...
        **no_retry_kwargs,
    )
  File "C:\Users\A\AppData\Roaming\Python\Python314\site-packages\huggingface_hub\utils\_http.py", line 559, in http_backoff
    return next(
        _http_backoff_base(
    ...<9 lines>...
        )
    )
  File "C:\Users\A\AppData\Roaming\Python\Python314\site-packages\huggingface_hub\utils\_http.py", line 467, in _http_backoff_base
    response = client.request(method=method, url=url, **kwargs)
  File "C:\Users\A\AppData\Roaming\Python\Python314\site-packages\httpx\_client.py", line 825, in request
    return self.send(request, auth=auth, follow_redirects=follow_redirects)
           ~~~~~~~~~^^^^^^^^^^^^^^^^^^^^^^^^^^^^^^^^^^^^^^^^^^^^^^^^^^^^^^^
  File "C:\Users\A\AppData\Roaming\Python\Python314\site-packages\httpx\_client.py", line 901, in send
    raise RuntimeError("Cannot send a request, as the client has been closed.")
RuntimeError: Cannot send a request, as the client has been closed.

During handling of the above exception, another exception occurred:

Traceback (most recent call last):
  File "C:\Users\A\AppData\Roaming\Python\Python314\site-packages\transformers\models\auto\tokenization_auto.py", line 716, in from_pretrained
    config = AutoConfig.from_pretrained(
        pretrained_model_name_or_path, trust_remote_code=trust_remote_code, **kwargs
    )
  File "C:\Users\A\AppData\Roaming\Python\Python314\site-packages\transformers\models\auto\configuration_auto.py", line 376, in from_pretrained
    config_dict, unused_kwargs = PreTrainedConfig.get_config_dict(pretrained_model_name_or_path, **kwargs)
                                 ~~~~~~~~~~~~~~~~~~~~~~~~~~~~~~~~^^^^^^^^^^^^^^^^^^^^^^^^^^^^^^^^^^^^^^^^^
  File "C:\Users\A\AppData\Roaming\Python\Python314\site-packages\transformers\configuration_utils.py", line 687, in get_config_dict
    config_dict, kwargs = cls._get_config_dict(pretrained_model_name_or_path, **kwargs)
                          ~~~~~~~~~~~~~~~~~~~~^^^^^^^^^^^^^^^^^^^^^^^^^^^^^^^^^^^^^^^^^
  File "C:\Users\A\AppData\Roaming\Python\Python314\site-packages\transformers\configuration_utils.py", line 764, in _get_config_dict
    raise OSError(
    ...<4 lines>...
    )
OSError: Can't load the configuration of 'facebook/esmfold_v1'. If you were trying to load it from 'https://huggingface.co/models', make sure you don't have a local directory with the same name. Otherwise, make sure 'facebook/esmfold_v1' is the correct path to a directory containing a config.json file

During handling of the above exception, another exception occurred:

Traceback (most recent call last):
  File "C:\Users\A\AppData\Roaming\Python\Python314\site-packages\transformers\configuration_utils.py", line 742, in _get_config_dict
    resolved_config_file = cached_file(
        pretrained_model_name_or_path,
    ...<9 lines>...
        _commit_hash=commit_hash,
    )
  File "C:\Users\A\AppData\Roaming\Python\Python314\site-packages\transformers\utils\hub.py", line 293, in cached_file
    file = cached_files(path_or_repo_id=path_or_repo_id, filenames=[filename], **kwargs)
  File "C:\Users\A\AppData\Roaming\Python\Python314\site-packages\transformers\utils\hub.py", line 527, in cached_files
    raise e
  File "C:\Users\A\AppData\Roaming\Python\Python314\site-packages\transformers\utils\hub.py", line 437, in cached_files
    hf_hub_download(
    ~~~~~~~~~~~~~~~^
        path_or_repo_id,
        ^^^^^^^^^^^^^^^^
    ...<10 lines>...
        tqdm_class=tqdm_class,
        ^^^^^^^^^^^^^^^^^^^^^^
    )
    ^
  File "C:\Users\A\AppData\Roaming\Python\Python314\site-packages\huggingface_hub\utils\_validators.py", line 89, in _inner_fn
    return fn(*args, **kwargs)
  File "C:\Users\A\AppData\Roaming\Python\Python314\site-packages\huggingface_hub\file_download.py", line 986, in hf_hub_download
    return _hf_hub_download_to_cache_dir(
        # Destination
    ...<15 lines>...
        dry_run=dry_run,
    )
  File "C:\Users\A\AppData\Roaming\Python\Python314\site-packages\huggingface_hub\file_download.py", line 1119, in _hf_hub_download_to_cache_dir
    _get_metadata_or_catch_error(
    ~~~~~~~~~~~~~~~~~~~~~~~~~~~~^
        repo_id=repo_id,
        ^^^^^^^^^^^^^^^^
    ...<10 lines>...
        retry_on_errors=True,
        ^^^^^^^^^^^^^^^^^^^^^
    )
    ^
  File "C:\Users\A\AppData\Roaming\Python\Python314\site-packages\huggingface_hub\file_download.py", line 1653, in _get_metadata_or_catch_error
    metadata = get_hf_file_metadata(
        url=url,
    ...<4 lines>...
        retry_on_errors=retry_on_errors,
    )
  File "C:\Users\A\AppData\Roaming\Python\Python314\site-packages\huggingface_hub\utils\_validators.py", line 89, in _inner_fn
    return fn(*args, **kwargs)
  File "C:\Users\A\AppData\Roaming\Python\Python314\site-packages\huggingface_hub\file_download.py", line 1576, in get_hf_file_metadata
    response = _httpx_follow_relative_redirects_with_backoff(
        method="HEAD", url=url, headers=hf_headers, timeout=timeout, retry_on_errors=retry_on_errors
    )
  File "C:\Users\A\AppData\Roaming\Python\Python314\site-packages\huggingface_hub\utils\_http.py", line 685, in _httpx_follow_relative_redirects_with_backoff
    response = http_backoff(
        method=method,
    ...<3 lines>...
        **no_retry_kwargs,
    )
  File "C:\Users\A\AppData\Roaming\Python\Python314\site-packages\huggingface_hub\utils\_http.py", line 559, in http_backoff
    return next(
        _http_backoff_base(
    ...<9 lines>...
        )
    )
  File "C:\Users\A\AppData\Roaming\Python\Python314\site-packages\huggingface_hub\utils\_http.py", line 467, in _http_backoff_base
    response = client.request(method=method, url=url, **kwargs)
  File "C:\Users\A\AppData\Roaming\Python\Python314\site-packages\httpx\_client.py", line 825, in request
    return self.send(request, auth=auth, follow_redirects=follow_redirects)
           ~~~~~~~~~^^^^^^^^^^^^^^^^^^^^^^^^^^^^^^^^^^^^^^^^^^^^^^^^^^^^^^^
  File "C:\Users\A\AppData\Roaming\Python\Python314\site-packages\httpx\_client.py", line 901, in send
    raise RuntimeError("Cannot send a request, as the client has been closed.")
RuntimeError: Cannot send a request, as the client has been closed.

During handling of the above exception, another exception occurred:

Traceback (most recent call last):
  File "D:\生信\2026Protein Design\work\round2\step4_esmfold.py", line 19, in <module>
    tokenizer = AutoTokenizer.from_pretrained("facebook/esmfold_v1")
  File "C:\Users\A\AppData\Roaming\Python\Python314\site-packages\transformers\models\auto\tokenization_auto.py", line 720, in from_pretrained
    config = PreTrainedConfig.from_pretrained(pretrained_model_name_or_path, **kwargs)
  File "C:\Users\A\AppData\Roaming\Python\Python314\site-packages\transformers\configuration_utils.py", line 646, in from_pretrained
    config_dict, kwargs = cls.get_config_dict(pretrained_model_name_or_path, **kwargs)
                          ~~~~~~~~~~~~~~~~~~~^^^^^^^^^^^^^^^^^^^^^^^^^^^^^^^^^^^^^^^^^
  File "C:\Users\A\AppData\Roaming\Python\Python314\site-packages\transformers\configuration_utils.py", line 687, in get_config_dict
    config_dict, kwargs = cls._get_config_dict(pretrained_model_name_or_path, **kwargs)
                          ~~~~~~~~~~~~~~~~~~~~^^^^^^^^^^^^^^^^^^^^^^^^^^^^^^^^^^^^^^^^^
  File "C:\Users\A\AppData\Roaming\Python\Python314\site-packages\transformers\configuration_utils.py", line 764, in _get_config_dict
    raise OSError(
    ...<4 lines>...
    )
OSError: Can't load the configuration of 'facebook/esmfold_v1'. If you were trying to load it from 'https://huggingface.co/models', make sure you don't have a local directory with the same name. Otherwise, make sure 'facebook/esmfold_v1' is the correct path to a directory containing a config.json file
